[05/Nov/2025 17:19:52] "OPTIONS /api/login/ HTTP/1.1" 200 0
Unauthorized: /api/login/
[05/Nov/2025 17:19:52] "POST /api/login/ HTTP/1.1" 401 79
Unauthorized: /api/login/
[05/Nov/2025 17:22:02] "POST /api/login/ HTTP/1.1" 401 79
[05/Nov/2025 17:22:07] "POST /api/login/ HTTP/1.1" 200 82
[05/Nov/2025 17:22:09] "GET /api/projects/admin/ HTTP/1.1" 200 2
[05/Nov/2025 17:22:09] "GET /api/projects/admin/stats/ HTTP/1.1" 200 70
[05/Nov/2025 17:22:09] "GET /api/projects/admin/ HTTP/1.1" 200 2
[05/Nov/2025 17:22:09] "GET /api/projects/admin/stats/ HTTP/1.1" 200 70
[05/Nov/2025 17:22:20] "POST /api/login/ HTTP/1.1" 200 90
[05/Nov/2025 17:22:21] "GET /api/projects/fellow3/stats/ HTTP/1.1" 200 73
[05/Nov/2025 17:22:21] "GET /api/projects/fellow3/ HTTP/1.1" 200 8145
[05/Nov/2025 17:22:21] "GET /api/projects/fellow3/ HTTP/1.1" 200 8145
[05/Nov/2025 17:22:21] "GET /api/projects/fellow3/stats/ HTTP/1.1" 200 73
[05/Nov/2025 17:28:49] "POST /api/projects/create/ HTTP/1.1" 201 641
[05/Nov/2025 17:41:17] "POST /api/projects/create/ HTTP/1.1" 201 385
[05/Nov/2025 17:41:17] "GET /api/projects/fellow3/stats/ HTTP/1.1" 200 73
[05/Nov/2025 17:41:17] "GET /api/projects/fellow3/ HTTP/1.1" 200 9249
[05/Nov/2025 17:41:17] "GET /api/projects/44/ai-images/ HTTP/1.1" 200 315
[05/Nov/2025 17:41:17] "GET /api/projects/44/ai-images/ HTTP/1.1" 200 315
[05/Nov/2025 18:12:59] "GET /api/projects/fellow3/stats/ HTTP/1.1" 200 73
[05/Nov/2025 18:12:59] "GET /api/projects/fellow3/ HTTP/1.1" 200 9249
[05/Nov/2025 18:12:59] "GET /api/projects/fellow3/ HTTP/1.1" 200 9249
[05/Nov/2025 18:12:59] "GET /api/projects/fellow3/stats/ HTTP/1.1" 200 73
[05/Nov/2025 18:15:07] "POST /api/projects/create/ HTTP/1.1" 201 385
[05/Nov/2025 18:15:07] "GET /api/projects/fellow3/stats/ HTTP/1.1" 200 73
[05/Nov/2025 18:15:07] "GET /api/projects/fellow3/ HTTP/1.1" 200 9798
[05/Nov/2025 18:15:07] "GET /api/projects/45/ai-images/ HTTP/1.1" 200 315
[05/Nov/2025 18:15:07] "GET /api/projects/45/ai-images/ HTTP/1.1" 200 315
[05/Nov/2025 18:16:06] "GET /api/projects/fellow3/stats/ HTTP/1.1" 200 73
[05/Nov/2025 18:16:06] "GET /api/projects/fellow3/ HTTP/1.1" 200 9798
[05/Nov/2025 18:16:06] "GET /api/projects/fellow3/stats/ HTTP/1.1" 200 73
[05/Nov/2025 18:16:06] "GET /api/projects/fellow3/ HTTP/1.1" 200 9798
[05/Nov/2025 18:18:25] "POST /api/projects/create/ HTTP/1.1" 201 641
[05/Nov/2025 18:18:25] "GET /api/projects/fellow3/stats/ HTTP/1.1" 200 73
[05/Nov/2025 18:18:25] "GET /api/projects/fellow3/ HTTP/1.1" 200 10350
[05/Nov/2025 18:18:25] "GET /api/projects/46/ai-images/ HTTP/1.1" 200 943
[05/Nov/2025 18:18:25] "GET /api/projects/46/ai-images/ HTTP/1.1" 200 943
[05/Nov/2025 20:03:07] "GET /api/projects/46/ai-images/ HTTP/1.1" 200 943
[05/Nov/2025 20:03:07] "GET /api/projects/46/ai-images/ HTTP/1.1" 200 943
[05/Nov/2025 20:08:03] "OPTIONS /api/login/ HTTP/1.1" 200 0
[05/Nov/2025 20:08:03] "POST /api/login/ HTTP/1.1" 200 90
[05/Nov/2025 20:08:05] "GET /api/projects/fellow3/stats/ HTTP/1.1" 200 73
[05/Nov/2025 20:08:05] "GET /api/projects/fellow3/ HTTP/1.1" 200 10350
[05/Nov/2025 20:08:05] "GET /api/projects/fellow3/ HTTP/1.1" 200 10350
[05/Nov/2025 20:08:05] "GET /api/projects/fellow3/stats/ HTTP/1.1" 200 73
[05/Nov/2025 20:08:53] "GET /api/projects/fellow3/stats/ HTTP/1.1" 200 73
[05/Nov/2025 20:08:53] "GET /api/projects/fellow3/ HTTP/1.1" 200 10350
[05/Nov/2025 20:08:53] "GET /api/projects/fellow3/stats/ HTTP/1.1" 200 73
[05/Nov/2025 20:08:53] "GET /api/projects/fellow3/ HTTP/1.1" 200 10350
[05/Nov/2025 20:15:24] "POST /api/projects/create/ HTTP/1.1" 201 641
[05/Nov/2025 21:07:51] "POST /api/projects/create/ HTTP/1.1" 201 641
