
> my-ui@0.1.0 start
> react-scripts start

Attempting to bind to HOST environment variable: 0.0.0.0
If this was unintentional, check that you haven't mistakenly set it in your shell.
Learn more here: https://cra.link/advanced-config

(node:5424) [DEP_WEBPACK_DEV_SERVER_ON_AFTER_SETUP_MIDDLEWARE] DeprecationWarning: 'onAfterSetupMiddleware' option is deprecated. Please use the 'setupMiddlewares' option.
(Use `node --trace-deprecation ...` to show where the warning was created)
(node:5424) [DEP_WEBPACK_DEV_SERVER_ON_BEFORE_SETUP_MIDDLEWARE] DeprecationWarning: 'onBeforeSetupMiddleware' option is deprecated. Please use the 'setupMiddlewares' option.
Starting the development server...

Compiled with warnings.

[eslint] 
src/components/AboutPage.js
  Line 2:8:  'AssembleLogo' is defined but never used  no-unused-vars

src/components/AdminPage.js
  Line 295:15:  Duplicate key 'border'  no-dupe-keys
  Line 321:15:  Duplicate key 'border'  no-dupe-keys

src/components/Hero.js
  Line 26:9:  'floatingAnimation' is assigned a value but never used  no-unused-vars

src/components/LibraryPage.js
  Line 31:9:  'staggerContainer' is assigned a value but never used  no-unused-vars

src/components/LoginPage.js
  Line 339:11:  The href attribute requires a valid value to be accessible. Provide a valid, navigable address as the href value. If you cannot provide a valid href, but still need the element to resemble a link, use a button and change it with appropriate styles. Learn more: https://github.com/jsx-eslint/eslint-plugin-jsx-a11y/blob/HEAD/docs/rules/anchor-is-valid.md  jsx-a11y/anchor-is-valid
  Line 358:11:  The href attribute requires a valid value to be accessible. Provide a valid, navigable address as the href value. If you cannot provide a valid href, but still need the element to resemble a link, use a button and change it with appropriate styles. Learn more: https://github.com/jsx-eslint/eslint-plugin-jsx-a11y/blob/HEAD/docs/rules/anchor-is-valid.md  jsx-a11y/anchor-is-valid

src/components/ResourcesPage.js
  Line 23:9:  'staggerContainer' is assigned a value but never used  no-unused-vars

Search for the keywords to learn more about each warning.
To ignore, add // eslint-disable-next-line to the line before.

WARNING in [eslint] 
src/components/AboutPage.js
  Line 2:8:  'AssembleLogo' is defined but never used  no-unused-vars

src/components/AdminPage.js
  Line 295:15:  Duplicate key 'border'  no-dupe-keys
  Line 321:15:  Duplicate key 'border'  no-dupe-keys

src/components/Hero.js
  Line 26:9:  'floatingAnimation' is assigned a value but never used  no-unused-vars

src/components/LibraryPage.js
  Line 31:9:  'staggerContainer' is assigned a value but never used  no-unused-vars

src/components/LoginPage.js
  Line 339:11:  The href attribute requires a valid value to be accessible. Provide a valid, navigable address as the href value. If you cannot provide a valid href, but still need the element to resemble a link, use a button and change it with appropriate styles. Learn more: https://github.com/jsx-eslint/eslint-plugin-jsx-a11y/blob/HEAD/docs/rules/anchor-is-valid.md  jsx-a11y/anchor-is-valid
  Line 358:11:  The href attribute requires a valid value to be accessible. Provide a valid, navigable address as the href value. If you cannot provide a valid href, but still need the element to resemble a link, use a button and change it with appropriate styles. Learn more: https://github.com/jsx-eslint/eslint-plugin-jsx-a11y/blob/HEAD/docs/rules/anchor-is-valid.md  jsx-a11y/anchor-is-valid

src/components/ResourcesPage.js
  Line 23:9:  'staggerContainer' is assigned a value but never used  no-unused-vars

webpack compiled with 1 warning
Compiling...
Compiled with warnings.

[eslint] 
src/components/AboutPage.js
  Line 2:8:  'AssembleLogo' is defined but never used  no-unused-vars

src/components/AdminPage.js
  Line 295:15:  Duplicate key 'border'  no-dupe-keys
  Line 321:15:  Duplicate key 'border'  no-dupe-keys

src/components/Hero.js
  Line 26:9:  'floatingAnimation' is assigned a value but never used  no-unused-vars

src/components/LibraryPage.js
  Line 31:9:  'staggerContainer' is assigned a value but never used  no-unused-vars

src/components/LoginPage.js
  Line 339:11:  The href attribute requires a valid value to be accessible. Provide a valid, navigable address as the href value. If you cannot provide a valid href, but still need the element to resemble a link, use a button and change it with appropriate styles. Learn more: https://github.com/jsx-eslint/eslint-plugin-jsx-a11y/blob/HEAD/docs/rules/anchor-is-valid.md  jsx-a11y/anchor-is-valid
  Line 358:11:  The href attribute requires a valid value to be accessible. Provide a valid, navigable address as the href value. If you cannot provide a valid href, but still need the element to resemble a link, use a button and change it with appropriate styles. Learn more: https://github.com/jsx-eslint/eslint-plugin-jsx-a11y/blob/HEAD/docs/rules/anchor-is-valid.md  jsx-a11y/anchor-is-valid

src/components/ResourcesPage.js
  Line 23:9:  'staggerContainer' is assigned a value but never used  no-unused-vars

Search for the keywords to learn more about each warning.
To ignore, add // eslint-disable-next-line to the line before.

WARNING in [eslint] 
src/components/AboutPage.js
  Line 2:8:  'AssembleLogo' is defined but never used  no-unused-vars

src/components/AdminPage.js
  Line 295:15:  Duplicate key 'border'  no-dupe-keys
  Line 321:15:  Duplicate key 'border'  no-dupe-keys

src/components/Hero.js
  Line 26:9:  'floatingAnimation' is assigned a value but never used  no-unused-vars

src/components/LibraryPage.js
  Line 31:9:  'staggerContainer' is assigned a value but never used  no-unused-vars

src/components/LoginPage.js
  Line 339:11:  The href attribute requires a valid value to be accessible. Provide a valid, navigable address as the href value. If you cannot provide a valid href, but still need the element to resemble a link, use a button and change it with appropriate styles. Learn more: https://github.com/jsx-eslint/eslint-plugin-jsx-a11y/blob/HEAD/docs/rules/anchor-is-valid.md  jsx-a11y/anchor-is-valid
  Line 358:11:  The href attribute requires a valid value to be accessible. Provide a valid, navigable address as the href value. If you cannot provide a valid href, but still need the element to resemble a link, use a button and change it with appropriate styles. Learn more: https://github.com/jsx-eslint/eslint-plugin-jsx-a11y/blob/HEAD/docs/rules/anchor-is-valid.md  jsx-a11y/anchor-is-valid

src/components/ResourcesPage.js
  Line 23:9:  'staggerContainer' is assigned a value but never used  no-unused-vars

webpack compiled with 1 warning
Compiling...
Compiled with warnings.

[eslint] 
src/components/AboutPage.js
  Line 2:8:  'AssembleLogo' is defined but never used  no-unused-vars

src/components/AdminPage.js
  Line 295:15:  Duplicate key 'border'  no-dupe-keys
  Line 321:15:  Duplicate key 'border'  no-dupe-keys

src/components/Hero.js
  Line 26:9:  'floatingAnimation' is assigned a value but never used  no-unused-vars

src/components/LibraryPage.js
  Line 31:9:  'staggerContainer' is assigned a value but never used  no-unused-vars

src/components/LoginPage.js
  Line 339:11:  The href attribute requires a valid value to be accessible. Provide a valid, navigable address as the href value. If you cannot provide a valid href, but still need the element to resemble a link, use a button and change it with appropriate styles. Learn more: https://github.com/jsx-eslint/eslint-plugin-jsx-a11y/blob/HEAD/docs/rules/anchor-is-valid.md  jsx-a11y/anchor-is-valid
  Line 358:11:  The href attribute requires a valid value to be accessible. Provide a valid, navigable address as the href value. If you cannot provide a valid href, but still need the element to resemble a link, use a button and change it with appropriate styles. Learn more: https://github.com/jsx-eslint/eslint-plugin-jsx-a11y/blob/HEAD/docs/rules/anchor-is-valid.md  jsx-a11y/anchor-is-valid

src/components/NewProjectModal.js
  Line 28:9:  'pipelineStatusText' is assigned a value but never used  no-unused-vars

src/components/ResourcesPage.js
  Line 23:9:  'staggerContainer' is assigned a value but never used  no-unused-vars

Search for the keywords to learn more about each warning.
To ignore, add // eslint-disable-next-line to the line before.

WARNING in [eslint] 
src/components/AboutPage.js
  Line 2:8:  'AssembleLogo' is defined but never used  no-unused-vars

src/components/AdminPage.js
  Line 295:15:  Duplicate key 'border'  no-dupe-keys
  Line 321:15:  Duplicate key 'border'  no-dupe-keys

src/components/Hero.js
  Line 26:9:  'floatingAnimation' is assigned a value but never used  no-unused-vars

src/components/LibraryPage.js
  Line 31:9:  'staggerContainer' is assigned a value but never used  no-unused-vars

src/components/LoginPage.js
  Line 339:11:  The href attribute requires a valid value to be accessible. Provide a valid, navigable address as the href value. If you cannot provide a valid href, but still need the element to resemble a link, use a button and change it with appropriate styles. Learn more: https://github.com/jsx-eslint/eslint-plugin-jsx-a11y/blob/HEAD/docs/rules/anchor-is-valid.md  jsx-a11y/anchor-is-valid
  Line 358:11:  The href attribute requires a valid value to be accessible. Provide a valid, navigable address as the href value. If you cannot provide a valid href, but still need the element to resemble a link, use a button and change it with appropriate styles. Learn more: https://github.com/jsx-eslint/eslint-plugin-jsx-a11y/blob/HEAD/docs/rules/anchor-is-valid.md  jsx-a11y/anchor-is-valid

src/components/NewProjectModal.js
  Line 28:9:  'pipelineStatusText' is assigned a value but never used  no-unused-vars

src/components/ResourcesPage.js
  Line 23:9:  'staggerContainer' is assigned a value but never used  no-unused-vars

webpack compiled with 1 warning
Compiling...
Compiled with warnings.

[eslint] 
src/components/AboutPage.js
  Line 2:8:  'AssembleLogo' is defined but never used  no-unused-vars

src/components/AdminPage.js
  Line 295:15:  Duplicate key 'border'  no-dupe-keys
  Line 321:15:  Duplicate key 'border'  no-dupe-keys

src/components/Hero.js
  Line 26:9:  'floatingAnimation' is assigned a value but never used  no-unused-vars

src/components/LibraryPage.js
  Line 31:9:  'staggerContainer' is assigned a value but never used  no-unused-vars

src/components/LoginPage.js
  Line 339:11:  The href attribute requires a valid value to be accessible. Provide a valid, navigable address as the href value. If you cannot provide a valid href, but still need the element to resemble a link, use a button and change it with appropriate styles. Learn more: https://github.com/jsx-eslint/eslint-plugin-jsx-a11y/blob/HEAD/docs/rules/anchor-is-valid.md  jsx-a11y/anchor-is-valid
  Line 358:11:  The href attribute requires a valid value to be accessible. Provide a valid, navigable address as the href value. If you cannot provide a valid href, but still need the element to resemble a link, use a button and change it with appropriate styles. Learn more: https://github.com/jsx-eslint/eslint-plugin-jsx-a11y/blob/HEAD/docs/rules/anchor-is-valid.md  jsx-a11y/anchor-is-valid

src/components/ResourcesPage.js
  Line 23:9:  'staggerContainer' is assigned a value but never used  no-unused-vars

Search for the keywords to learn more about each warning.
To ignore, add // eslint-disable-next-line to the line before.

WARNING in [eslint] 
src/components/AboutPage.js
  Line 2:8:  'AssembleLogo' is defined but never used  no-unused-vars

src/components/AdminPage.js
  Line 295:15:  Duplicate key 'border'  no-dupe-keys
  Line 321:15:  Duplicate key 'border'  no-dupe-keys

src/components/Hero.js
  Line 26:9:  'floatingAnimation' is assigned a value but never used  no-unused-vars

src/components/LibraryPage.js
  Line 31:9:  'staggerContainer' is assigned a value but never used  no-unused-vars

src/components/LoginPage.js
  Line 339:11:  The href attribute requires a valid value to be accessible. Provide a valid, navigable address as the href value. If you cannot provide a valid href, but still need the element to resemble a link, use a button and change it with appropriate styles. Learn more: https://github.com/jsx-eslint/eslint-plugin-jsx-a11y/blob/HEAD/docs/rules/anchor-is-valid.md  jsx-a11y/anchor-is-valid
  Line 358:11:  The href attribute requires a valid value to be accessible. Provide a valid, navigable address as the href value. If you cannot provide a valid href, but still need the element to resemble a link, use a button and change it with appropriate styles. Learn more: https://github.com/jsx-eslint/eslint-plugin-jsx-a11y/blob/HEAD/docs/rules/anchor-is-valid.md  jsx-a11y/anchor-is-valid

src/components/ResourcesPage.js
  Line 23:9:  'staggerContainer' is assigned a value but never used  no-unused-vars

webpack compiled with 1 warning
Compiling...
Compiled with warnings.

[eslint] 
src/components/AboutPage.js
  Line 2:8:  'AssembleLogo' is defined but never used  no-unused-vars

src/components/AdminPage.js
  Line 295:15:  Duplicate key 'border'  no-dupe-keys
  Line 321:15:  Duplicate key 'border'  no-dupe-keys

src/components/Hero.js
  Line 26:9:  'floatingAnimation' is assigned a value but never used  no-unused-vars

src/components/LibraryPage.js
  Line 31:9:  'staggerContainer' is assigned a value but never used  no-unused-vars

src/components/LoginPage.js
  Line 339:11:  The href attribute requires a valid value to be accessible. Provide a valid, navigable address as the href value. If you cannot provide a valid href, but still need the element to resemble a link, use a button and change it with appropriate styles. Learn more: https://github.com/jsx-eslint/eslint-plugin-jsx-a11y/blob/HEAD/docs/rules/anchor-is-valid.md  jsx-a11y/anchor-is-valid
  Line 358:11:  The href attribute requires a valid value to be accessible. Provide a valid, navigable address as the href value. If you cannot provide a valid href, but still need the element to resemble a link, use a button and change it with appropriate styles. Learn more: https://github.com/jsx-eslint/eslint-plugin-jsx-a11y/blob/HEAD/docs/rules/anchor-is-valid.md  jsx-a11y/anchor-is-valid

src/components/ResourcesPage.js
  Line 23:9:  'staggerContainer' is assigned a value but never used  no-unused-vars

Search for the keywords to learn more about each warning.
To ignore, add // eslint-disable-next-line to the line before.

WARNING in [eslint] 
src/components/AboutPage.js
  Line 2:8:  'AssembleLogo' is defined but never used  no-unused-vars

src/components/AdminPage.js
  Line 295:15:  Duplicate key 'border'  no-dupe-keys
  Line 321:15:  Duplicate key 'border'  no-dupe-keys

src/components/Hero.js
  Line 26:9:  'floatingAnimation' is assigned a value but never used  no-unused-vars

src/components/LibraryPage.js
  Line 31:9:  'staggerContainer' is assigned a value but never used  no-unused-vars

src/components/LoginPage.js
  Line 339:11:  The href attribute requires a valid value to be accessible. Provide a valid, navigable address as the href value. If you cannot provide a valid href, but still need the element to resemble a link, use a button and change it with appropriate styles. Learn more: https://github.com/jsx-eslint/eslint-plugin-jsx-a11y/blob/HEAD/docs/rules/anchor-is-valid.md  jsx-a11y/anchor-is-valid
  Line 358:11:  The href attribute requires a valid value to be accessible. Provide a valid, navigable address as the href value. If you cannot provide a valid href, but still need the element to resemble a link, use a button and change it with appropriate styles. Learn more: https://github.com/jsx-eslint/eslint-plugin-jsx-a11y/blob/HEAD/docs/rules/anchor-is-valid.md  jsx-a11y/anchor-is-valid

src/components/ResourcesPage.js
  Line 23:9:  'staggerContainer' is assigned a value but never used  no-unused-vars

webpack compiled with 1 warning
Compiling...
Compiled with warnings.

[eslint] 
src/components/AboutPage.js
  Line 2:8:  'AssembleLogo' is defined but never used  no-unused-vars

src/components/AdminPage.js
  Line 295:15:  Duplicate key 'border'  no-dupe-keys
  Line 321:15:  Duplicate key 'border'  no-dupe-keys

src/components/Hero.js
  Line 26:9:  'floatingAnimation' is assigned a value but never used  no-unused-vars

src/components/LibraryPage.js
  Line 31:9:  'staggerContainer' is assigned a value but never used  no-unused-vars

src/components/LoginPage.js
  Line 339:11:  The href attribute requires a valid value to be accessible. Provide a valid, navigable address as the href value. If you cannot provide a valid href, but still need the element to resemble a link, use a button and change it with appropriate styles. Learn more: https://github.com/jsx-eslint/eslint-plugin-jsx-a11y/blob/HEAD/docs/rules/anchor-is-valid.md  jsx-a11y/anchor-is-valid
  Line 358:11:  The href attribute requires a valid value to be accessible. Provide a valid, navigable address as the href value. If you cannot provide a valid href, but still need the element to resemble a link, use a button and change it with appropriate styles. Learn more: https://github.com/jsx-eslint/eslint-plugin-jsx-a11y/blob/HEAD/docs/rules/anchor-is-valid.md  jsx-a11y/anchor-is-valid

src/components/ResourcesPage.js
  Line 23:9:  'staggerContainer' is assigned a value but never used  no-unused-vars

Search for the keywords to learn more about each warning.
To ignore, add // eslint-disable-next-line to the line before.

WARNING in [eslint] 
src/components/AboutPage.js
  Line 2:8:  'AssembleLogo' is defined but never used  no-unused-vars

src/components/AdminPage.js
  Line 295:15:  Duplicate key 'border'  no-dupe-keys
  Line 321:15:  Duplicate key 'border'  no-dupe-keys

src/components/Hero.js
  Line 26:9:  'floatingAnimation' is assigned a value but never used  no-unused-vars

src/components/LibraryPage.js
  Line 31:9:  'staggerContainer' is assigned a value but never used  no-unused-vars

src/components/LoginPage.js
  Line 339:11:  The href attribute requires a valid value to be accessible. Provide a valid, navigable address as the href value. If you cannot provide a valid href, but still need the element to resemble a link, use a button and change it with appropriate styles. Learn more: https://github.com/jsx-eslint/eslint-plugin-jsx-a11y/blob/HEAD/docs/rules/anchor-is-valid.md  jsx-a11y/anchor-is-valid
  Line 358:11:  The href attribute requires a valid value to be accessible. Provide a valid, navigable address as the href value. If you cannot provide a valid href, but still need the element to resemble a link, use a button and change it with appropriate styles. Learn more: https://github.com/jsx-eslint/eslint-plugin-jsx-a11y/blob/HEAD/docs/rules/anchor-is-valid.md  jsx-a11y/anchor-is-valid

src/components/ResourcesPage.js
  Line 23:9:  'staggerContainer' is assigned a value but never used  no-unused-vars

webpack compiled with 1 warning
Compiling...
Compiled with warnings.

[eslint] 
src/components/AboutPage.js
  Line 2:8:  'AssembleLogo' is defined but never used  no-unused-vars

src/components/AdminPage.js
  Line 295:15:  Duplicate key 'border'  no-dupe-keys
  Line 321:15:  Duplicate key 'border'  no-dupe-keys

src/components/Hero.js
  Line 26:9:  'floatingAnimation' is assigned a value but never used  no-unused-vars

src/components/LibraryPage.js
  Line 31:9:  'staggerContainer' is assigned a value but never used  no-unused-vars

src/components/LoginPage.js
  Line 339:11:  The href attribute requires a valid value to be accessible. Provide a valid, navigable address as the href value. If you cannot provide a valid href, but still need the element to resemble a link, use a button and change it with appropriate styles. Learn more: https://github.com/jsx-eslint/eslint-plugin-jsx-a11y/blob/HEAD/docs/rules/anchor-is-valid.md  jsx-a11y/anchor-is-valid
  Line 358:11:  The href attribute requires a valid value to be accessible. Provide a valid, navigable address as the href value. If you cannot provide a valid href, but still need the element to resemble a link, use a button and change it with appropriate styles. Learn more: https://github.com/jsx-eslint/eslint-plugin-jsx-a11y/blob/HEAD/docs/rules/anchor-is-valid.md  jsx-a11y/anchor-is-valid

src/components/ResourcesPage.js
  Line 23:9:  'staggerContainer' is assigned a value but never used  no-unused-vars

Search for the keywords to learn more about each warning.
To ignore, add // eslint-disable-next-line to the line before.

WARNING in [eslint] 
src/components/AboutPage.js
  Line 2:8:  'AssembleLogo' is defined but never used  no-unused-vars

src/components/AdminPage.js
  Line 295:15:  Duplicate key 'border'  no-dupe-keys
  Line 321:15:  Duplicate key 'border'  no-dupe-keys

src/components/Hero.js
  Line 26:9:  'floatingAnimation' is assigned a value but never used  no-unused-vars

src/components/LibraryPage.js
  Line 31:9:  'staggerContainer' is assigned a value but never used  no-unused-vars

src/components/LoginPage.js
  Line 339:11:  The href attribute requires a valid value to be accessible. Provide a valid, navigable address as the href value. If you cannot provide a valid href, but still need the element to resemble a link, use a button and change it with appropriate styles. Learn more: https://github.com/jsx-eslint/eslint-plugin-jsx-a11y/blob/HEAD/docs/rules/anchor-is-valid.md  jsx-a11y/anchor-is-valid
  Line 358:11:  The href attribute requires a valid value to be accessible. Provide a valid, navigable address as the href value. If you cannot provide a valid href, but still need the element to resemble a link, use a button and change it with appropriate styles. Learn more: https://github.com/jsx-eslint/eslint-plugin-jsx-a11y/blob/HEAD/docs/rules/anchor-is-valid.md  jsx-a11y/anchor-is-valid

src/components/ResourcesPage.js
  Line 23:9:  'staggerContainer' is assigned a value but never used  no-unused-vars

webpack compiled with 1 warning
Compiling...
Compiled with warnings.

[eslint] 
src/components/AboutPage.js
  Line 2:8:  'AssembleLogo' is defined but never used  no-unused-vars

src/components/AdminPage.js
  Line 295:15:  Duplicate key 'border'  no-dupe-keys
  Line 321:15:  Duplicate key 'border'  no-dupe-keys

src/components/Hero.js
  Line 26:9:  'floatingAnimation' is assigned a value but never used  no-unused-vars

src/components/LibraryPage.js
  Line 31:9:  'staggerContainer' is assigned a value but never used  no-unused-vars

src/components/LoginPage.js
  Line 339:11:  The href attribute requires a valid value to be accessible. Provide a valid, navigable address as the href value. If you cannot provide a valid href, but still need the element to resemble a link, use a button and change it with appropriate styles. Learn more: https://github.com/jsx-eslint/eslint-plugin-jsx-a11y/blob/HEAD/docs/rules/anchor-is-valid.md  jsx-a11y/anchor-is-valid
  Line 358:11:  The href attribute requires a valid value to be accessible. Provide a valid, navigable address as the href value. If you cannot provide a valid href, but still need the element to resemble a link, use a button and change it with appropriate styles. Learn more: https://github.com/jsx-eslint/eslint-plugin-jsx-a11y/blob/HEAD/docs/rules/anchor-is-valid.md  jsx-a11y/anchor-is-valid

src/components/ResourcesPage.js
  Line 23:9:  'staggerContainer' is assigned a value but never used  no-unused-vars

Search for the keywords to learn more about each warning.
To ignore, add // eslint-disable-next-line to the line before.

WARNING in [eslint] 
src/components/AboutPage.js
  Line 2:8:  'AssembleLogo' is defined but never used  no-unused-vars

src/components/AdminPage.js
  Line 295:15:  Duplicate key 'border'  no-dupe-keys
  Line 321:15:  Duplicate key 'border'  no-dupe-keys

src/components/Hero.js
  Line 26:9:  'floatingAnimation' is assigned a value but never used  no-unused-vars

src/components/LibraryPage.js
  Line 31:9:  'staggerContainer' is assigned a value but never used  no-unused-vars

src/components/LoginPage.js
  Line 339:11:  The href attribute requires a valid value to be accessible. Provide a valid, navigable address as the href value. If you cannot provide a valid href, but still need the element to resemble a link, use a button and change it with appropriate styles. Learn more: https://github.com/jsx-eslint/eslint-plugin-jsx-a11y/blob/HEAD/docs/rules/anchor-is-valid.md  jsx-a11y/anchor-is-valid
  Line 358:11:  The href attribute requires a valid value to be accessible. Provide a valid, navigable address as the href value. If you cannot provide a valid href, but still need the element to resemble a link, use a button and change it with appropriate styles. Learn more: https://github.com/jsx-eslint/eslint-plugin-jsx-a11y/blob/HEAD/docs/rules/anchor-is-valid.md  jsx-a11y/anchor-is-valid

src/components/ResourcesPage.js
  Line 23:9:  'staggerContainer' is assigned a value but never used  no-unused-vars

webpack compiled with 1 warning
Compiling...
Compiled with warnings.

[eslint] 
src/components/AboutPage.js
  Line 2:8:  'AssembleLogo' is defined but never used  no-unused-vars

src/components/AdminPage.js
  Line 295:15:  Duplicate key 'border'  no-dupe-keys
  Line 321:15:  Duplicate key 'border'  no-dupe-keys

src/components/Hero.js
  Line 26:9:  'floatingAnimation' is assigned a value but never used  no-unused-vars

src/components/LibraryPage.js
  Line 31:9:  'staggerContainer' is assigned a value but never used  no-unused-vars

src/components/LoginPage.js
  Line 339:11:  The href attribute requires a valid value to be accessible. Provide a valid, navigable address as the href value. If you cannot provide a valid href, but still need the element to resemble a link, use a button and change it with appropriate styles. Learn more: https://github.com/jsx-eslint/eslint-plugin-jsx-a11y/blob/HEAD/docs/rules/anchor-is-valid.md  jsx-a11y/anchor-is-valid
  Line 358:11:  The href attribute requires a valid value to be accessible. Provide a valid, navigable address as the href value. If you cannot provide a valid href, but still need the element to resemble a link, use a button and change it with appropriate styles. Learn more: https://github.com/jsx-eslint/eslint-plugin-jsx-a11y/blob/HEAD/docs/rules/anchor-is-valid.md  jsx-a11y/anchor-is-valid

src/components/ResourcesPage.js
  Line 23:9:  'staggerContainer' is assigned a value but never used  no-unused-vars

Search for the keywords to learn more about each warning.
To ignore, add // eslint-disable-next-line to the line before.

WARNING in [eslint] 
src/components/AboutPage.js
  Line 2:8:  'AssembleLogo' is defined but never used  no-unused-vars

src/components/AdminPage.js
  Line 295:15:  Duplicate key 'border'  no-dupe-keys
  Line 321:15:  Duplicate key 'border'  no-dupe-keys

src/components/Hero.js
  Line 26:9:  'floatingAnimation' is assigned a value but never used  no-unused-vars

src/components/LibraryPage.js
  Line 31:9:  'staggerContainer' is assigned a value but never used  no-unused-vars

src/components/LoginPage.js
  Line 339:11:  The href attribute requires a valid value to be accessible. Provide a valid, navigable address as the href value. If you cannot provide a valid href, but still need the element to resemble a link, use a button and change it with appropriate styles. Learn more: https://github.com/jsx-eslint/eslint-plugin-jsx-a11y/blob/HEAD/docs/rules/anchor-is-valid.md  jsx-a11y/anchor-is-valid
  Line 358:11:  The href attribute requires a valid value to be accessible. Provide a valid, navigable address as the href value. If you cannot provide a valid href, but still need the element to resemble a link, use a button and change it with appropriate styles. Learn more: https://github.com/jsx-eslint/eslint-plugin-jsx-a11y/blob/HEAD/docs/rules/anchor-is-valid.md  jsx-a11y/anchor-is-valid

src/components/ResourcesPage.js
  Line 23:9:  'staggerContainer' is assigned a value but never used  no-unused-vars

webpack compiled with 1 warning
Compiling...
Compiled with warnings.

[eslint] 
src/components/AboutPage.js
  Line 2:8:  'AssembleLogo' is defined but never used  no-unused-vars

src/components/AdminPage.js
  Line 295:15:  Duplicate key 'border'  no-dupe-keys
  Line 321:15:  Duplicate key 'border'  no-dupe-keys

src/components/Hero.js
  Line 26:9:  'floatingAnimation' is assigned a value but never used  no-unused-vars

src/components/LibraryPage.js
  Line 31:9:  'staggerContainer' is assigned a value but never used  no-unused-vars

src/components/LoginPage.js
  Line 339:11:  The href attribute requires a valid value to be accessible. Provide a valid, navigable address as the href value. If you cannot provide a valid href, but still need the element to resemble a link, use a button and change it with appropriate styles. Learn more: https://github.com/jsx-eslint/eslint-plugin-jsx-a11y/blob/HEAD/docs/rules/anchor-is-valid.md  jsx-a11y/anchor-is-valid
  Line 358:11:  The href attribute requires a valid value to be accessible. Provide a valid, navigable address as the href value. If you cannot provide a valid href, but still need the element to resemble a link, use a button and change it with appropriate styles. Learn more: https://github.com/jsx-eslint/eslint-plugin-jsx-a11y/blob/HEAD/docs/rules/anchor-is-valid.md  jsx-a11y/anchor-is-valid

src/components/ResourcesPage.js
  Line 23:9:  'staggerContainer' is assigned a value but never used  no-unused-vars

Search for the keywords to learn more about each warning.
To ignore, add // eslint-disable-next-line to the line before.

WARNING in [eslint] 
src/components/AboutPage.js
  Line 2:8:  'AssembleLogo' is defined but never used  no-unused-vars

src/components/AdminPage.js
  Line 295:15:  Duplicate key 'border'  no-dupe-keys
  Line 321:15:  Duplicate key 'border'  no-dupe-keys

src/components/Hero.js
  Line 26:9:  'floatingAnimation' is assigned a value but never used  no-unused-vars

src/components/LibraryPage.js
  Line 31:9:  'staggerContainer' is assigned a value but never used  no-unused-vars

src/components/LoginPage.js
  Line 339:11:  The href attribute requires a valid value to be accessible. Provide a valid, navigable address as the href value. If you cannot provide a valid href, but still need the element to resemble a link, use a button and change it with appropriate styles. Learn more: https://github.com/jsx-eslint/eslint-plugin-jsx-a11y/blob/HEAD/docs/rules/anchor-is-valid.md  jsx-a11y/anchor-is-valid
  Line 358:11:  The href attribute requires a valid value to be accessible. Provide a valid, navigable address as the href value. If you cannot provide a valid href, but still need the element to resemble a link, use a button and change it with appropriate styles. Learn more: https://github.com/jsx-eslint/eslint-plugin-jsx-a11y/blob/HEAD/docs/rules/anchor-is-valid.md  jsx-a11y/anchor-is-valid

src/components/ResourcesPage.js
  Line 23:9:  'staggerContainer' is assigned a value but never used  no-unused-vars

webpack compiled with 1 warning
Compiling...
Compiled with warnings.

[eslint] 
src/components/AboutPage.js
  Line 2:8:  'AssembleLogo' is defined but never used  no-unused-vars

src/components/AdminPage.js
  Line 295:15:  Duplicate key 'border'  no-dupe-keys
  Line 321:15:  Duplicate key 'border'  no-dupe-keys

src/components/Hero.js
  Line 26:9:  'floatingAnimation' is assigned a value but never used  no-unused-vars

src/components/LibraryPage.js
  Line 31:9:  'staggerContainer' is assigned a value but never used  no-unused-vars

src/components/LoginPage.js
  Line 339:11:  The href attribute requires a valid value to be accessible. Provide a valid, navigable address as the href value. If you cannot provide a valid href, but still need the element to resemble a link, use a button and change it with appropriate styles. Learn more: https://github.com/jsx-eslint/eslint-plugin-jsx-a11y/blob/HEAD/docs/rules/anchor-is-valid.md  jsx-a11y/anchor-is-valid
  Line 358:11:  The href attribute requires a valid value to be accessible. Provide a valid, navigable address as the href value. If you cannot provide a valid href, but still need the element to resemble a link, use a button and change it with appropriate styles. Learn more: https://github.com/jsx-eslint/eslint-plugin-jsx-a11y/blob/HEAD/docs/rules/anchor-is-valid.md  jsx-a11y/anchor-is-valid

src/components/ResourcesPage.js
  Line 23:9:  'staggerContainer' is assigned a value but never used  no-unused-vars

Search for the keywords to learn more about each warning.
To ignore, add // eslint-disable-next-line to the line before.

WARNING in [eslint] 
src/components/AboutPage.js
  Line 2:8:  'AssembleLogo' is defined but never used  no-unused-vars

src/components/AdminPage.js
  Line 295:15:  Duplicate key 'border'  no-dupe-keys
  Line 321:15:  Duplicate key 'border'  no-dupe-keys

src/components/Hero.js
  Line 26:9:  'floatingAnimation' is assigned a value but never used  no-unused-vars

src/components/LibraryPage.js
  Line 31:9:  'staggerContainer' is assigned a value but never used  no-unused-vars

src/components/LoginPage.js
  Line 339:11:  The href attribute requires a valid value to be accessible. Provide a valid, navigable address as the href value. If you cannot provide a valid href, but still need the element to resemble a link, use a button and change it with appropriate styles. Learn more: https://github.com/jsx-eslint/eslint-plugin-jsx-a11y/blob/HEAD/docs/rules/anchor-is-valid.md  jsx-a11y/anchor-is-valid
  Line 358:11:  The href attribute requires a valid value to be accessible. Provide a valid, navigable address as the href value. If you cannot provide a valid href, but still need the element to resemble a link, use a button and change it with appropriate styles. Learn more: https://github.com/jsx-eslint/eslint-plugin-jsx-a11y/blob/HEAD/docs/rules/anchor-is-valid.md  jsx-a11y/anchor-is-valid

src/components/ResourcesPage.js
  Line 23:9:  'staggerContainer' is assigned a value but never used  no-unused-vars

webpack compiled with 1 warning
Compiling...
Failed to compile.

Module not found: Error: Can't resolve './ImageRefineModal' in '/home/ubuntu/deploy/final/my-ui/src/components'
WARNING in [eslint] 
src/components/AboutPage.js
  Line 2:8:  'AssembleLogo' is defined but never used  no-unused-vars

src/components/AdminPage.js
  Line 295:15:  Duplicate key 'border'  no-dupe-keys
  Line 321:15:  Duplicate key 'border'  no-dupe-keys

src/components/Hero.js
  Line 26:9:  'floatingAnimation' is assigned a value but never used  no-unused-vars

src/components/LibraryPage.js
  Line 31:9:  'staggerContainer' is assigned a value but never used  no-unused-vars

src/components/LoginPage.js
  Line 339:11:  The href attribute requires a valid value to be accessible. Provide a valid, navigable address as the href value. If you cannot provide a valid href, but still need the element to resemble a link, use a button and change it with appropriate styles. Learn more: https://github.com/jsx-eslint/eslint-plugin-jsx-a11y/blob/HEAD/docs/rules/anchor-is-valid.md  jsx-a11y/anchor-is-valid
  Line 358:11:  The href attribute requires a valid value to be accessible. Provide a valid, navigable address as the href value. If you cannot provide a valid href, but still need the element to resemble a link, use a button and change it with appropriate styles. Learn more: https://github.com/jsx-eslint/eslint-plugin-jsx-a11y/blob/HEAD/docs/rules/anchor-is-valid.md  jsx-a11y/anchor-is-valid

src/components/ResourcesPage.js
  Line 23:9:  'staggerContainer' is assigned a value but never used  no-unused-vars

ERROR in ./src/components/ResultsPage.js 9:0-50
Module not found: Error: Can't resolve './ImageRefineModal' in '/home/ubuntu/deploy/final/my-ui/src/components'

webpack compiled with 1 error and 1 warning
Compiling...
Failed to compile.

Module not found: Error: Can't resolve './ImageRefineModal' in '/home/ubuntu/deploy/final/my-ui/src/components'
WARNING in [eslint] 
src/components/AboutPage.js
  Line 2:8:  'AssembleLogo' is defined but never used  no-unused-vars

src/components/AdminPage.js
  Line 295:15:  Duplicate key 'border'  no-dupe-keys
  Line 321:15:  Duplicate key 'border'  no-dupe-keys

src/components/Hero.js
  Line 26:9:  'floatingAnimation' is assigned a value but never used  no-unused-vars

src/components/LibraryPage.js
  Line 31:9:  'staggerContainer' is assigned a value but never used  no-unused-vars

src/components/LoginPage.js
  Line 339:11:  The href attribute requires a valid value to be accessible. Provide a valid, navigable address as the href value. If you cannot provide a valid href, but still need the element to resemble a link, use a button and change it with appropriate styles. Learn more: https://github.com/jsx-eslint/eslint-plugin-jsx-a11y/blob/HEAD/docs/rules/anchor-is-valid.md  jsx-a11y/anchor-is-valid
  Line 358:11:  The href attribute requires a valid value to be accessible. Provide a valid, navigable address as the href value. If you cannot provide a valid href, but still need the element to resemble a link, use a button and change it with appropriate styles. Learn more: https://github.com/jsx-eslint/eslint-plugin-jsx-a11y/blob/HEAD/docs/rules/anchor-is-valid.md  jsx-a11y/anchor-is-valid

src/components/ResourcesPage.js
  Line 23:9:  'staggerContainer' is assigned a value but never used  no-unused-vars

ERROR in ./src/components/ResultsPage.js 9:0-50
Module not found: Error: Can't resolve './ImageRefineModal' in '/home/ubuntu/deploy/final/my-ui/src/components'

webpack compiled with 1 error and 1 warning
Compiling...
Failed to compile.

Module not found: Error: Can't resolve './ImageRefineModal.css' in '/home/ubuntu/deploy/final/my-ui/src/components'
WARNING in [eslint] 
src/components/AboutPage.js
  Line 2:8:  'AssembleLogo' is defined but never used  no-unused-vars

src/components/AdminPage.js
  Line 295:15:  Duplicate key 'border'  no-dupe-keys
  Line 321:15:  Duplicate key 'border'  no-dupe-keys

src/components/Hero.js
  Line 26:9:  'floatingAnimation' is assigned a value but never used  no-unused-vars

src/components/LibraryPage.js
  Line 31:9:  'staggerContainer' is assigned a value but never used  no-unused-vars

src/components/LoginPage.js
  Line 339:11:  The href attribute requires a valid value to be accessible. Provide a valid, navigable address as the href value. If you cannot provide a valid href, but still need the element to resemble a link, use a button and change it with appropriate styles. Learn more: https://github.com/jsx-eslint/eslint-plugin-jsx-a11y/blob/HEAD/docs/rules/anchor-is-valid.md  jsx-a11y/anchor-is-valid
  Line 358:11:  The href attribute requires a valid value to be accessible. Provide a valid, navigable address as the href value. If you cannot provide a valid href, but still need the element to resemble a link, use a button and change it with appropriate styles. Learn more: https://github.com/jsx-eslint/eslint-plugin-jsx-a11y/blob/HEAD/docs/rules/anchor-is-valid.md  jsx-a11y/anchor-is-valid

src/components/ResourcesPage.js
  Line 23:9:  'staggerContainer' is assigned a value but never used  no-unused-vars

ERROR in ./src/components/ImageRefineModal.jsx 6:0-32
Module not found: Error: Can't resolve './ImageRefineModal.css' in '/home/ubuntu/deploy/final/my-ui/src/components'

webpack compiled with 1 error and 1 warning
Compiling...
Compiled with warnings.

[eslint] 
src/components/AboutPage.js
  Line 2:8:  'AssembleLogo' is defined but never used  no-unused-vars

src/components/AdminPage.js
  Line 295:15:  Duplicate key 'border'  no-dupe-keys
  Line 321:15:  Duplicate key 'border'  no-dupe-keys

src/components/Hero.js
  Line 26:9:  'floatingAnimation' is assigned a value but never used  no-unused-vars

src/components/LibraryPage.js
  Line 31:9:  'staggerContainer' is assigned a value but never used  no-unused-vars

src/components/LoginPage.js
  Line 339:11:  The href attribute requires a valid value to be accessible. Provide a valid, navigable address as the href value. If you cannot provide a valid href, but still need the element to resemble a link, use a button and change it with appropriate styles. Learn more: https://github.com/jsx-eslint/eslint-plugin-jsx-a11y/blob/HEAD/docs/rules/anchor-is-valid.md  jsx-a11y/anchor-is-valid
  Line 358:11:  The href attribute requires a valid value to be accessible. Provide a valid, navigable address as the href value. If you cannot provide a valid href, but still need the element to resemble a link, use a button and change it with appropriate styles. Learn more: https://github.com/jsx-eslint/eslint-plugin-jsx-a11y/blob/HEAD/docs/rules/anchor-is-valid.md  jsx-a11y/anchor-is-valid

src/components/ResourcesPage.js
  Line 23:9:  'staggerContainer' is assigned a value but never used  no-unused-vars

Search for the keywords to learn more about each warning.
To ignore, add // eslint-disable-next-line to the line before.

WARNING in [eslint] 
src/components/AboutPage.js
  Line 2:8:  'AssembleLogo' is defined but never used  no-unused-vars

src/components/AdminPage.js
  Line 295:15:  Duplicate key 'border'  no-dupe-keys
  Line 321:15:  Duplicate key 'border'  no-dupe-keys

src/components/Hero.js
  Line 26:9:  'floatingAnimation' is assigned a value but never used  no-unused-vars

src/components/LibraryPage.js
  Line 31:9:  'staggerContainer' is assigned a value but never used  no-unused-vars

src/components/LoginPage.js
  Line 339:11:  The href attribute requires a valid value to be accessible. Provide a valid, navigable address as the href value. If you cannot provide a valid href, but still need the element to resemble a link, use a button and change it with appropriate styles. Learn more: https://github.com/jsx-eslint/eslint-plugin-jsx-a11y/blob/HEAD/docs/rules/anchor-is-valid.md  jsx-a11y/anchor-is-valid
  Line 358:11:  The href attribute requires a valid value to be accessible. Provide a valid, navigable address as the href value. If you cannot provide a valid href, but still need the element to resemble a link, use a button and change it with appropriate styles. Learn more: https://github.com/jsx-eslint/eslint-plugin-jsx-a11y/blob/HEAD/docs/rules/anchor-is-valid.md  jsx-a11y/anchor-is-valid

src/components/ResourcesPage.js
  Line 23:9:  'staggerContainer' is assigned a value but never used  no-unused-vars

webpack compiled with 1 warning
